13:40:53.111 [main] INFO  in.debasish.testCases.PaginationTest - Starting the login process....
13:41:06.019 [main] INFO  in.debasish.testCases.PaginationTest - Login Completed
20:40:48.015 [main] INFO  in.debasish.testCases.PaginationTest - Starting the login process....
20:41:00.927 [main] INFO  in.debasish.testCases.PaginationTest - Login Completed
20:41:06.593 [main] INFO  in.debasish.testCases.PaginationTest - Login Completed
20:41:13.339 [main] INFO  in.debasish.testCases.PaginationTest - Clicked on the PortfolioDetails link
13:04:24.385 [main] INFO  in.debasish.testCases.PaginationTest - Starting the login process....
13:04:40.518 [main] INFO  in.debasish.testCases.PaginationTest - Login Completed
13:04:47.202 [main] INFO  in.debasish.testCases.PaginationTest - Login Completed
13:04:57.835 [main] INFO  in.debasish.testCases.PaginationTest - Clicked on the PortfolioDetails link
18:34:48.759 [main] INFO  in.debasish.testCases.PaginationTest - Starting the login process....
18:34:58.162 [main] INFO  in.debasish.testCases.PaginationTest - Login Completed
18:35:02.239 [main] INFO  in.debasish.testCases.PaginationTest - Login Completed
18:35:12.441 [main] INFO  in.debasish.testCases.PaginationTest - Clicked on the PortfolioDetails link
11:25:33.997 [main] INFO  in.debasish.testCases.PaginationTest - Starting the login process....
11:47:36.234 [main] INFO  in.debasish.testCases.PaginationTest - Starting the login process....
11:47:50.097 [main] INFO  in.debasish.testCases.PaginationTest - Login Completed
11:47:56.248 [main] INFO  in.debasish.testCases.PaginationTest - Login Completed
11:48:01.371 [main] INFO  in.debasish.testCases.PaginationTest - Clicked on the PortfolioDetails link
12:04:54.493 [main] INFO  in.debasish.testCases.PaginationTest - Starting the login process....
12:05:09.440 [main] INFO  in.debasish.testCases.PaginationTest - Login Completed
12:05:16.674 [main] INFO  in.debasish.testCases.PaginationTest - Login Completed
12:05:23.736 [main] INFO  in.debasish.testCases.PaginationTest - Clicked on the PortfolioDetails link
12:06:03.234 [main] INFO  in.debasish.testCases.PaginationTest - Clicked on the View Details Link
12:10:29.996 [main] INFO  in.debasish.testCases.PaginationTest - Starting the login process....
12:10:38.579 [main] INFO  in.debasish.testCases.PaginationTest - Login Completed
12:10:43.204 [main] INFO  in.debasish.testCases.PaginationTest - Login Completed
12:10:48.106 [main] INFO  in.debasish.testCases.PaginationTest - Clicked on the PortfolioDetails link
12:11:27.533 [main] INFO  in.debasish.testCases.PaginationTest - Clicked on the View Details Link
12:12:26.124 [main] INFO  in.debasish.testCases.PaginationTest - Starting the login process....
12:12:41.978 [main] INFO  in.debasish.testCases.PaginationTest - Login Completed
12:12:49.220 [main] INFO  in.debasish.testCases.PaginationTest - Login Completed
12:12:55.589 [main] INFO  in.debasish.testCases.PaginationTest - Clicked on the PortfolioDetails link
12:13:35.751 [main] INFO  in.debasish.testCases.PaginationTest - Clicked on the View Details Link
12:14:09.028 [main] INFO  in.debasish.testCases.PaginationTest - Starting the login process....
12:14:23.044 [main] INFO  in.debasish.testCases.PaginationTest - Login Completed
12:14:29.811 [main] INFO  in.debasish.testCases.PaginationTest - Login Completed
12:14:35.195 [main] INFO  in.debasish.testCases.PaginationTest - Clicked on the PortfolioDetails link
12:15:14.344 [main] INFO  in.debasish.testCases.PaginationTest - Clicked on the View Details Link
14:09:51.833 [main] INFO  in.debasish.testCases.PaginationTest - Starting the login process....
14:10:12.682 [main] INFO  in.debasish.testCases.PaginationTest - Login Completed
14:10:22.190 [main] INFO  in.debasish.testCases.PaginationTest - Login Completed
14:10:29.584 [main] INFO  in.debasish.testCases.PaginationTest - Clicked on the PortfolioDetails link
14:11:10.658 [main] INFO  in.debasish.testCases.PaginationTest - Clicked on the View Details Link
19:58:21.659 [main] INFO  in.debasish.testCases.PaginationTest - Starting the login process....
19:58:29.788 [main] INFO  in.debasish.testCases.PaginationTest - Login Completed
19:58:35.153 [main] INFO  in.debasish.testCases.PaginationTest - Login Completed
19:58:39.779 [main] INFO  in.debasish.testCases.PaginationTest - Clicked on the PortfolioDetails link
19:59:18.443 [main] INFO  in.debasish.testCases.PaginationTest - Clicked on the View Details Link
21:03:35.078 [main] INFO  in.debasish.testCases.PaginationTest - Starting the login process....
21:03:48.905 [main] INFO  in.debasish.testCases.PaginationTest - Login Completed
21:03:56.039 [main] INFO  in.debasish.testCases.PaginationTest - Login Completed
21:04:03.998 [main] INFO  in.debasish.testCases.PaginationTest - Clicked on the PortfolioDetails link
21:04:43.774 [main] INFO  in.debasish.testCases.PaginationTest - Clicked on the View Details Link
21:15:06.862 [main] INFO  in.debasish.testCases.PaginationTest - Starting the login process....
21:15:18.445 [main] INFO  in.debasish.testCases.PaginationTest - Login Completed
21:15:23.134 [main] INFO  in.debasish.testCases.PaginationTest - Login Completed
21:15:29.140 [main] INFO  in.debasish.testCases.PaginationTest - Clicked on the PortfolioDetails link
21:16:08.114 [main] INFO  in.debasish.testCases.PaginationTest - Clicked on the View Details Link
13:19:48.297 [main] INFO  in.debasish.testCases.PaginationTest - Starting the login process....
13:20:00.174 [main] INFO  in.debasish.testCases.PaginationTest - Login Completed
13:20:06.339 [main] INFO  in.debasish.testCases.PaginationTest - Login Completed
13:20:11.333 [main] INFO  in.debasish.testCases.PaginationTest - Clicked on the PortfolioDetails link
13:21:07.236 [main] INFO  in.debasish.testCases.PaginationTest - Clicked on the View Details Link
18:51:46.592 [main] INFO  in.debasish.testCases.PaginationTest - Starting the login process....
18:51:59.927 [main] INFO  in.debasish.testCases.PaginationTest - Login Completed
18:52:06.072 [main] INFO  in.debasish.testCases.PaginationTest - Login Completed
18:52:13.018 [main] INFO  in.debasish.testCases.PaginationTest - Clicked on the PortfolioDetails link
18:53:08.754 [main] INFO  in.debasish.testCases.PaginationTest - Clicked on the View Details Link
19:04:03.204 [main] INFO  in.debasish.testCases.PaginationTest - Starting the login process....
19:04:14.028 [main] INFO  in.debasish.testCases.PaginationTest - Login Completed
19:04:19.944 [main] INFO  in.debasish.testCases.PaginationTest - Login Completed
19:04:25.778 [main] INFO  in.debasish.testCases.PaginationTest - Clicked on the PortfolioDetails link
19:05:10.917 [main] INFO  in.debasish.testCases.PaginationTest - Clicked on the View Details Link
12:43:07.392 [main] INFO  in.debasish.testCases.PaginationTest - Starting the login process....
12:50:07.894 [main] INFO  in.debasish.testCases.PaginationTest - Starting the login process....
12:50:22.414 [main] INFO  in.debasish.testCases.PaginationTest - Login Completed
12:50:30.311 [main] INFO  in.debasish.testCases.PaginationTest - Login Completed
12:50:33.333 [main] INFO  in.debasish.testCases.PaginationTest - Clicked on the PortfolioDetails link
12:51:16.829 [main] INFO  in.debasish.testCases.PaginationTest - Clicked on the View Details Link
12:59:17.776 [main] INFO  in.debasish.testCases.PaginationTest - Starting the login process....
12:59:31.646 [main] INFO  in.debasish.testCases.PaginationTest - Login Completed
12:42:00.643 [main] INFO  in.debasish.testCases.PaginationTest - Starting the login process....
12:42:16.231 [main] INFO  in.debasish.testCases.PaginationTest - Login Completed
12:44:51.811 [main] INFO  in.debasish.testCases.PaginationTest - Starting the login process....
12:45:08.694 [main] INFO  in.debasish.testCases.PaginationTest - Login Completed
12:45:22.519 [main] INFO  in.debasish.testCases.PaginationTest - Login Completed
01:27:29.179 [main] INFO  in.debasish.testCases.PaginationTest - Starting the login process....
01:27:40.086 [main] INFO  in.debasish.testCases.PaginationTest - Login Completed
01:27:44.717 [main] INFO  in.debasish.testCases.PaginationTest - Login Completed
01:27:47.401 [main] INFO  in.debasish.testCases.PaginationTest - Clicked on the PortfolioDetails link
01:28:27.920 [main] INFO  in.debasish.testCases.PaginationTest - Clicked on the View Details Link
11:30:35.465 [main] INFO  in.debasish.testCases.PaginationTest - Starting the login process....
11:30:48.226 [main] INFO  in.debasish.testCases.PaginationTest - Login Completed
11:30:54.126 [main] INFO  in.debasish.testCases.PaginationTest - Login Completed
11:31:01.157 [main] INFO  in.debasish.testCases.PaginationTest - Clicked on the PortfolioDetails link
11:31:41.679 [main] INFO  in.debasish.testCases.PaginationTest - Clicked on the View Details Link
11:33:08.065 [main] INFO  in.debasish.testCases.PaginationTest - Starting the login process....
11:33:19.289 [main] INFO  in.debasish.testCases.PaginationTest - Login Completed
11:33:23.988 [main] INFO  in.debasish.testCases.PaginationTest - Login Completed
11:33:26.932 [main] INFO  in.debasish.testCases.PaginationTest - Clicked on the PortfolioDetails link
20:31:31.835 [main] INFO  in.debasish.testCases.SelectAParticularProductTest - Starting the login process....
20:31:44.129 [main] INFO  in.debasish.testCases.SelectAParticularProductTest - Login Completed
20:31:49.260 [main] INFO  in.debasish.testCases.SelectAParticularProductTest - Login Completed
20:31:53.387 [main] INFO  in.debasish.testCases.SelectAParticularProductTest - Clicked on the PortfolioDetails link
21:14:29.945 [main] INFO  in.debasish.testCases.SelectAParticularProductTest - Starting the login process....
21:14:42.202 [main] INFO  in.debasish.testCases.SelectAParticularProductTest - Login Completed
21:14:46.797 [main] INFO  in.debasish.testCases.SelectAParticularProductTest - Login Completed
21:14:50.612 [main] INFO  in.debasish.testCases.SelectAParticularProductTest - Clicked on the PortfolioDetails link
21:22:52.032 [main] INFO  in.debasish.testCases.SelectAParticularProductTest - Starting the login process....
21:23:03.759 [main] INFO  in.debasish.testCases.SelectAParticularProductTest - Login Completed
21:23:08.559 [main] INFO  in.debasish.testCases.SelectAParticularProductTest - Login Completed
21:23:10.694 [main] INFO  in.debasish.testCases.SelectAParticularProductTest - Clicked on the PortfolioDetails link
21:26:20.622 [main] INFO  in.debasish.testCases.SelectAParticularProductTest - Starting the login process....
21:26:31.954 [main] INFO  in.debasish.testCases.SelectAParticularProductTest - Login Completed
21:26:36.641 [main] INFO  in.debasish.testCases.SelectAParticularProductTest - Login Completed
21:26:39.725 [main] INFO  in.debasish.testCases.SelectAParticularProductTest - Clicked on the PortfolioDetails link
12:47:35.705 [main] INFO  in.debasish.testCases.SelectAParticularProductTest - Starting the login process....
12:47:47.162 [main] INFO  in.debasish.testCases.SelectAParticularProductTest - Login Completed
12:47:52.281 [main] INFO  in.debasish.testCases.SelectAParticularProductTest - Login Completed
12:47:57.364 [main] INFO  in.debasish.testCases.SelectAParticularProductTest - Clicked on the PortfolioDetails link
12:53:25.651 [main] INFO  in.debasish.testCases.SelectAParticularProductTest - Starting the login process....
12:53:37.911 [main] INFO  in.debasish.testCases.SelectAParticularProductTest - Login Completed
12:53:42.590 [main] INFO  in.debasish.testCases.SelectAParticularProductTest - Login Completed
12:53:45.140 [main] INFO  in.debasish.testCases.SelectAParticularProductTest - Clicked on the PortfolioDetails link
12:56:04.279 [main] INFO  in.debasish.testCases.SelectAParticularProductTest - Starting the login process....
12:56:16.750 [main] INFO  in.debasish.testCases.SelectAParticularProductTest - Login Completed
12:56:21.532 [main] INFO  in.debasish.testCases.SelectAParticularProductTest - Login Completed
12:56:23.655 [main] INFO  in.debasish.testCases.SelectAParticularProductTest - Clicked on the PortfolioDetails link
13:37:59.982 [main] INFO  in.debasish.testCases.SelectAParticularProductTest - Starting the login process....
13:38:11.850 [main] INFO  in.debasish.testCases.SelectAParticularProductTest - Login Completed
13:38:16.480 [main] INFO  in.debasish.testCases.SelectAParticularProductTest - Login Completed
13:38:19.814 [main] INFO  in.debasish.testCases.SelectAParticularProductTest - Clicked on the PortfolioDetails link
13:40:31.544 [main] INFO  in.debasish.testCases.SelectAParticularProductTest - Starting the login process....
13:40:43.084 [main] INFO  in.debasish.testCases.SelectAParticularProductTest - Login Completed
13:40:47.529 [main] INFO  in.debasish.testCases.SelectAParticularProductTest - Login Completed
13:40:50.936 [main] INFO  in.debasish.testCases.SelectAParticularProductTest - Clicked on the PortfolioDetails link
13:43:43.130 [main] INFO  in.debasish.testCases.SelectAParticularProductTest - Starting the login process....
13:43:54.581 [main] INFO  in.debasish.testCases.SelectAParticularProductTest - Login Completed
13:43:59.388 [main] INFO  in.debasish.testCases.SelectAParticularProductTest - Login Completed
13:44:03.189 [main] INFO  in.debasish.testCases.SelectAParticularProductTest - Clicked on the PortfolioDetails link
13:46:27.185 [main] INFO  in.debasish.testCases.SelectAParticularProductTest - Starting the login process....
13:46:39.248 [main] INFO  in.debasish.testCases.SelectAParticularProductTest - Login Completed
13:46:43.822 [main] INFO  in.debasish.testCases.SelectAParticularProductTest - Login Completed
13:46:45.958 [main] INFO  in.debasish.testCases.SelectAParticularProductTest - Clicked on the PortfolioDetails link
13:48:18.531 [main] INFO  in.debasish.testCases.SelectAParticularProductTest - Starting the login process....
13:48:29.846 [main] INFO  in.debasish.testCases.SelectAParticularProductTest - Login Completed
13:48:34.637 [main] INFO  in.debasish.testCases.SelectAParticularProductTest - Login Completed
13:48:37.239 [main] INFO  in.debasish.testCases.SelectAParticularProductTest - Clicked on the PortfolioDetails link
13:56:13.016 [main] INFO  in.debasish.testCases.SelectAParticularProductTest - Starting the login process....
13:56:24.063 [main] INFO  in.debasish.testCases.SelectAParticularProductTest - Login Completed
13:56:28.524 [main] INFO  in.debasish.testCases.SelectAParticularProductTest - Login Completed
13:56:32.220 [main] INFO  in.debasish.testCases.SelectAParticularProductTest - Clicked on the PortfolioDetails link
13:58:46.327 [main] INFO  in.debasish.testCases.SelectAParticularProductTest - Starting the login process....
13:58:57.979 [main] INFO  in.debasish.testCases.SelectAParticularProductTest - Login Completed
13:59:03.286 [main] INFO  in.debasish.testCases.SelectAParticularProductTest - Login Completed
13:59:05.329 [main] INFO  in.debasish.testCases.SelectAParticularProductTest - Clicked on the PortfolioDetails link
14:00:42.391 [main] INFO  in.debasish.testCases.SelectAParticularProductTest - Starting the login process....
14:00:53.995 [main] INFO  in.debasish.testCases.SelectAParticularProductTest - Login Completed
14:00:58.649 [main] INFO  in.debasish.testCases.SelectAParticularProductTest - Login Completed
14:01:02.913 [main] INFO  in.debasish.testCases.SelectAParticularProductTest - Clicked on the PortfolioDetails link
11:51:06.928 [main] INFO  in.debasish.testCases.SelectAParticularProductTest - Starting the login process....
11:51:17.461 [main] INFO  in.debasish.testCases.SelectAParticularProductTest - Login Completed
11:51:22.496 [main] INFO  in.debasish.testCases.SelectAParticularProductTest - Login Completed
11:51:28.994 [main] INFO  in.debasish.testCases.SelectAParticularProductTest - Clicked on the PortfolioDetails link
19:40:30.844 [main] INFO  in.debasish.testCases.SelectAParticularProductTest - Starting the login process....
19:40:44.758 [main] INFO  in.debasish.testCases.SelectAParticularProductTest - Login Completed
19:40:49.775 [main] INFO  in.debasish.testCases.SelectAParticularProductTest - Login Completed
19:40:55.571 [main] INFO  in.debasish.testCases.SelectAParticularProductTest - Clicked on the PortfolioDetails link
19:45:29.552 [main] INFO  in.debasish.testCases.SelectAParticularProductTest - Starting the login process....
19:45:41.179 [main] INFO  in.debasish.testCases.SelectAParticularProductTest - Login Completed
19:45:46.008 [main] INFO  in.debasish.testCases.SelectAParticularProductTest - Login Completed
19:45:48.108 [main] INFO  in.debasish.testCases.SelectAParticularProductTest - Clicked on the PortfolioDetails link
19:47:14.842 [main] INFO  in.debasish.testCases.SelectAParticularProductTest - Starting the login process....
19:47:29.441 [main] INFO  in.debasish.testCases.SelectAParticularProductTest - Login Completed
19:47:35.154 [main] INFO  in.debasish.testCases.SelectAParticularProductTest - Login Completed
19:47:38.243 [main] INFO  in.debasish.testCases.SelectAParticularProductTest - Clicked on the PortfolioDetails link
19:53:57.718 [main] INFO  in.debasish.testCases.SelectAParticularProductTest - Starting the login process....
19:54:11.683 [main] INFO  in.debasish.testCases.SelectAParticularProductTest - Login Completed
19:54:16.611 [main] INFO  in.debasish.testCases.SelectAParticularProductTest - Login Completed
19:54:18.931 [main] INFO  in.debasish.testCases.SelectAParticularProductTest - Clicked on the PortfolioDetails link
19:56:56.846 [main] INFO  in.debasish.testCases.SelectAParticularProductTest - Starting the login process....
19:57:08.333 [main] INFO  in.debasish.testCases.SelectAParticularProductTest - Login Completed
19:57:13.337 [main] INFO  in.debasish.testCases.SelectAParticularProductTest - Login Completed
19:57:17.026 [main] INFO  in.debasish.testCases.SelectAParticularProductTest - Clicked on the PortfolioDetails link
20:03:59.830 [main] INFO  in.debasish.testCases.SelectAParticularProductTest - Starting the login process....
20:04:12.269 [main] INFO  in.debasish.testCases.SelectAParticularProductTest - Login Completed
20:04:17.330 [main] INFO  in.debasish.testCases.SelectAParticularProductTest - Login Completed
20:04:20.875 [main] INFO  in.debasish.testCases.SelectAParticularProductTest - Clicked on the PortfolioDetails link
20:07:06.971 [main] INFO  in.debasish.testCases.SelectAParticularProductTest - Starting the login process....
20:07:20.792 [main] INFO  in.debasish.testCases.SelectAParticularProductTest - Login Completed
20:07:26.131 [main] INFO  in.debasish.testCases.SelectAParticularProductTest - Login Completed
20:07:28.795 [main] INFO  in.debasish.testCases.SelectAParticularProductTest - Clicked on the PortfolioDetails link
20:08:44.975 [main] INFO  in.debasish.testCases.SelectAParticularProductTest - Starting the login process....
20:08:56.312 [main] INFO  in.debasish.testCases.SelectAParticularProductTest - Login Completed
20:09:01.536 [main] INFO  in.debasish.testCases.SelectAParticularProductTest - Login Completed
20:09:07.631 [main] INFO  in.debasish.testCases.SelectAParticularProductTest - Clicked on the PortfolioDetails link
20:09:59.417 [main] INFO  in.debasish.testCases.SelectAParticularProductTest - Starting the login process....
20:10:12.617 [main] INFO  in.debasish.testCases.SelectAParticularProductTest - Login Completed
20:10:17.548 [main] INFO  in.debasish.testCases.SelectAParticularProductTest - Login Completed
20:10:20.653 [main] INFO  in.debasish.testCases.SelectAParticularProductTest - Clicked on the PortfolioDetails link
20:20:16.705 [main] INFO  in.debasish.testCases.SelectAParticularProductTest - Starting the login process....
20:20:28.258 [main] INFO  in.debasish.testCases.SelectAParticularProductTest - Login Completed
20:20:33.267 [main] INFO  in.debasish.testCases.SelectAParticularProductTest - Login Completed
20:20:36.734 [main] INFO  in.debasish.testCases.SelectAParticularProductTest - Clicked on the PortfolioDetails link
21:39:28.790 [main] INFO  in.debasish.testCases.SelectAParticularProductTest - Starting the login process....
21:39:40.418 [main] INFO  in.debasish.testCases.SelectAParticularProductTest - Login Completed
21:39:45.356 [main] INFO  in.debasish.testCases.SelectAParticularProductTest - Login Completed
21:39:48.188 [main] INFO  in.debasish.testCases.SelectAParticularProductTest - Clicked on the PortfolioDetails link
00:02:45.202 [main] INFO  in.debasish.testCases.PaginationTest - Starting the login process....
00:02:59.757 [main] INFO  in.debasish.testCases.PaginationTest - Login Completed
00:03:05.687 [main] INFO  in.debasish.testCases.PaginationTest - Login Completed
00:03:12.153 [main] INFO  in.debasish.testCases.PaginationTest - Clicked on the PortfolioDetails link
01:39:32.591 [main] INFO  in.debasish.testCases.PaginationTest - Starting the login process....
01:39:45.398 [main] INFO  in.debasish.testCases.PaginationTest - Login Completed
01:39:50.968 [main] INFO  in.debasish.testCases.PaginationTest - Login Completed
01:39:56.488 [main] INFO  in.debasish.testCases.PaginationTest - Clicked on the PortfolioDetails link
01:44:24.413 [main] INFO  in.debasish.testCases.PaginationTest - Starting the login process....
01:44:35.671 [main] INFO  in.debasish.testCases.PaginationTest - Login Completed
01:44:40.734 [main] INFO  in.debasish.testCases.PaginationTest - Login Completed
01:44:42.647 [main] INFO  in.debasish.testCases.PaginationTest - Clicked on the PortfolioDetails link
01:45:37.114 [main] INFO  in.debasish.testCases.SelectAParticularProductTest - Starting the login process....
01:45:48.976 [main] INFO  in.debasish.testCases.SelectAParticularProductTest - Login Completed
01:45:53.925 [main] INFO  in.debasish.testCases.SelectAParticularProductTest - Login Completed
01:45:56.452 [main] INFO  in.debasish.testCases.SelectAParticularProductTest - Clicked on the PortfolioDetails link
01:48:37.413 [main] INFO  in.debasish.testCases.PaginationTest - Starting the login process....
01:48:48.936 [main] INFO  in.debasish.testCases.PaginationTest - Login Completed
01:48:53.708 [main] INFO  in.debasish.testCases.PaginationTest - Login Completed
01:48:55.960 [main] INFO  in.debasish.testCases.PaginationTest - Clicked on the PortfolioDetails link
01:49:51.982 [main] INFO  in.debasish.testCases.SelectAParticularProductTest - Starting the login process....
01:50:04.756 [main] INFO  in.debasish.testCases.SelectAParticularProductTest - Login Completed
01:50:09.463 [main] INFO  in.debasish.testCases.SelectAParticularProductTest - Login Completed
01:50:15.713 [main] INFO  in.debasish.testCases.SelectAParticularProductTest - Clicked on the PortfolioDetails link
19:58:14.846 [main] INFO  in.debasish.testCases.PaginationTest - Starting the login process....
19:58:27.242 [main] INFO  in.debasish.testCases.PaginationTest - Login Completed
19:58:32.825 [main] INFO  in.debasish.testCases.PaginationTest - Login Completed
19:58:38.788 [main] INFO  in.debasish.testCases.PaginationTest - Clicked on the PortfolioDetails link
19:59:40.421 [main] INFO  in.debasish.testCases.SelectAParticularProductTest - Starting the login process....
19:59:54.216 [main] INFO  in.debasish.testCases.SelectAParticularProductTest - Login Completed
19:59:58.719 [main] INFO  in.debasish.testCases.SelectAParticularProductTest - Login Completed
20:00:01.953 [main] INFO  in.debasish.testCases.SelectAParticularProductTest - Clicked on the PortfolioDetails link
20:09:30.903 [main] INFO  in.debasish.testCases.PaginationTest - Starting the login process....
20:09:42.088 [main] INFO  in.debasish.testCases.PaginationTest - Login Completed
20:09:48.036 [main] INFO  in.debasish.testCases.PaginationTest - Login Completed
20:09:50.735 [main] INFO  in.debasish.testCases.PaginationTest - Clicked on the PortfolioDetails link
20:10:45.123 [main] INFO  in.debasish.testCases.SelectAParticularProductTest - Starting the login process....
20:10:55.940 [main] INFO  in.debasish.testCases.SelectAParticularProductTest - Login Completed
20:11:00.993 [main] INFO  in.debasish.testCases.SelectAParticularProductTest - Login Completed
20:11:05.186 [main] INFO  in.debasish.testCases.SelectAParticularProductTest - Clicked on the PortfolioDetails link
01:10:17.299 [main] INFO  in.debasish.testCases.PaginationTest - Starting the login process....
01:10:30.743 [main] INFO  in.debasish.testCases.PaginationTest - Login Completed
01:10:36.688 [main] INFO  in.debasish.testCases.PaginationTest - Login Completed
01:10:39.147 [main] INFO  in.debasish.testCases.PaginationTest - Clicked on the PortfolioDetails link
01:11:39.585 [main] INFO  in.debasish.testCases.SelectAParticularProductTest - Starting the login process....
01:11:51.228 [main] INFO  in.debasish.testCases.SelectAParticularProductTest - Login Completed
01:11:56.143 [main] INFO  in.debasish.testCases.SelectAParticularProductTest - Login Completed
01:12:00.471 [main] INFO  in.debasish.testCases.SelectAParticularProductTest - Clicked on the PortfolioDetails link
01:19:13.832 [main] INFO  in.debasish.testCases.PaginationTest - Starting the login process....
01:19:26.797 [main] INFO  in.debasish.testCases.PaginationTest - Login Completed
01:19:32.201 [main] INFO  in.debasish.testCases.PaginationTest - Login Completed
01:19:33.995 [main] INFO  in.debasish.testCases.PaginationTest - Clicked on the PortfolioDetails link
01:20:42.973 [main] INFO  in.debasish.testCases.SelectAParticularProductTest - Starting the login process....
01:20:54.286 [main] INFO  in.debasish.testCases.SelectAParticularProductTest - Login Completed
01:20:59.249 [main] INFO  in.debasish.testCases.SelectAParticularProductTest - Login Completed
01:21:01.250 [main] INFO  in.debasish.testCases.SelectAParticularProductTest - Clicked on the PortfolioDetails link
01:25:12.835 [main] INFO  in.debasish.testCases.PaginationTest - Starting the login process....
23:15:02.921 [main] INFO  in.debasish.testCases.PaginationTest - Starting the login process....
23:15:18.002 [main] INFO  in.debasish.testCases.PaginationTest - Login Completed
23:15:24.259 [main] INFO  in.debasish.testCases.PaginationTest - Login Completed
23:15:31.615 [main] INFO  in.debasish.testCases.PaginationTest - Clicked on the PortfolioDetails link
23:16:26.492 [main] INFO  in.debasish.testCases.SelectAParticularProductTest - Starting the login process....
23:16:40.003 [main] INFO  in.debasish.testCases.SelectAParticularProductTest - Login Completed
23:16:45.130 [main] INFO  in.debasish.testCases.SelectAParticularProductTest - Login Completed
23:16:49.075 [main] INFO  in.debasish.testCases.SelectAParticularProductTest - Clicked on the PortfolioDetails link
13:56:55.730 [main] INFO  in.debasish.testCases.SelectAParticularProductTest - Starting the login process....
14:04:28.395 [main] INFO  in.debasish.testCases.SelectAParticularProductTest - Starting the login process....
14:04:44.026 [main] INFO  in.debasish.testCases.SelectAParticularProductTest - Login Completed
14:04:56.688 [main] INFO  in.debasish.testCases.SelectAParticularProductTest - Login Completed
14:05:04.554 [main] INFO  in.debasish.testCases.SelectAParticularProductTest - Clicked on the PortfolioDetails link
