00:52:23.902 [main] INFO  testBase.LoginTest - Browser Set-up loaded
00:53:05.520 [main] INFO  testBase.LoginTest - Browser Set-up loaded
21:21:34.761 [main] INFO  testBase.LoginTest - Browser Set-up loaded
21:24:32.338 [main] INFO  testBase.LoginTest - Browser Set-up loaded
21:33:35.874 [main] INFO  testBase.LoginTest - Browser Set-up loaded
22:11:18.875 [main] INFO  testBase.LoginTest - Browser Set-up loaded
19:48:31.010 [main] INFO  testBase.LoginTest - Browser Set-up loaded
22:07:37.968 [main] INFO  testBase.LoginTest - Browser Set-up loaded
20:45:43.725 [main] INFO  testBase.LoginTest - Browser Set-up loaded
13:12:35.086 [main] INFO  testBase.AssighnLeaveTest - Browser Set-up loaded
13:13:50.898 [main] INFO  testBase.AssighnLeaveTest - Browser Set-up loaded
13:20:04.827 [main] INFO  testBase.AssighnLeaveTest - Browser Set-up loaded
18:32:26.679 [main] INFO  testBase.AssighnLeaveTest - Browser Set-up loaded
18:33:00.918 [main] INFO  testBase.AssighnLeaveTest - Browser Set-up loaded
19:56:02.793 [main] INFO  testBase.AssighnLeaveTest - Browser Set-up loaded
12:48:42.266 [main] INFO  testBase.AssighnLeaveTest - Browser Set-up loaded
12:49:37.510 [main] INFO  testBase.AssighnLeaveTest - Browser Set-up loaded
12:51:45.778 [main] INFO  testBase.AssighnLeaveTest - Browser Set-up loaded
12:52:31.173 [main] INFO  testBase.AssighnLeaveTest - Browser Set-up loaded
12:54:24.041 [main] INFO  testBase.AssighnLeaveTest - Browser Set-up loaded
12:57:47.563 [main] INFO  testBase.AssighnLeaveTest - Browser Set-up loaded
13:39:28.726 [main] INFO  testBase.AssighnLeaveTest - Browser Set-up loaded
14:56:45.126 [main] INFO  testBase.AssighnLeaveTest - Browser Set-up loaded
13:03:35.919 [main] INFO  testBase.AssighnLeaveTest - Browser Set-up loaded
13:07:14.094 [main] INFO  testBase.AssighnLeaveTest - Browser Set-up loaded
13:09:21.106 [main] INFO  testBase.AssighnLeaveTest - Browser Set-up loaded
13:10:56.975 [main] INFO  testBase.AssighnLeaveTest - Browser Set-up loaded
13:13:53.035 [main] INFO  testBase.AssighnLeaveTest - Browser Set-up loaded
13:14:54.927 [main] INFO  testBase.AssighnLeaveTest - Browser Set-up loaded
13:18:39.870 [main] INFO  testBase.AssighnLeaveTest - Browser Set-up loaded
13:19:32.190 [main] INFO  testBase.AssighnLeaveTest - Browser Set-up loaded
13:20:30.016 [main] INFO  testBase.AssighnLeaveTest - Browser Set-up loaded
17:07:47.493 [main] INFO  testBase.LoginTest - Browser Set-up loaded
17:08:24.878 [main] INFO  testBase.LoginTest - Browser Set-up loaded
20:54:42.298 [main] INFO  testBase.AssighnLeaveTest - Browser Set-up loaded
20:57:58.840 [main] INFO  testBase.AssighnLeaveTest - Browser Set-up loaded
21:01:03.550 [main] INFO  testBase.AssighnLeaveTest - Browser Set-up loaded
12:48:53.840 [main] INFO  testBase.AlluserDetailsTest - Browser Set-up loaded
12:51:59.950 [main] INFO  testBase.AlluserDetailsTest - Browser Set-up loaded
12:56:33.196 [main] INFO  testBase.AlluserDetailsTest - Browser Set-up loaded
12:58:31.141 [main] INFO  testBase.AlluserDetailsTest - Browser Set-up loaded
12:59:00.376 [main] INFO  testBase.AlluserDetailsTest - Browser Set-up loaded
20:01:08.403 [main] INFO  testBase.AlluserDetailsTest - Browser Set-up loaded
20:04:33.888 [main] INFO  testBase.AlluserDetailsTest - Browser Set-up loaded
20:08:59.436 [main] INFO  testBase.AlluserDetailsTest - Browser Set-up loaded
20:09:31.234 [main] INFO  testBase.AlluserDetailsTest - Browser Set-up loaded
20:10:06.764 [main] INFO  testBase.AlluserDetailsTest - Browser Set-up loaded
22:30:24.327 [main] INFO  testBase.LoginTest - Browser Set-up loaded
22:10:42.831 [main] INFO  testBase.AlluserDetailsTest - Browser Set-up loaded
12:21:56.187 [main] INFO  testBase.AssighnLeaveTest - Browser Set-up loaded
12:22:29.712 [main] INFO  testBase.AlluserDetailsTest - Browser Set-up loaded
19:50:02.211 [main] INFO  testBase.AlluserDetailsTest - Browser Set-up loaded
21:52:15.876 [main] INFO  testBase.AssighnLeaveTest - Browser Set-up loaded
21:52:46.339 [main] INFO  testBase.AssighnLeaveTest - Browser Set-up loaded
21:56:46.744 [main] INFO  testBase.AssighnLeaveTest - Browser Set-up loaded
20:10:26.120 [main] INFO  testBase.AssighnLeaveTest - Browser Set-up loaded
16:04:15.596 [main] INFO  testBase.AssighnLeaveTest - Browser Set-up loaded
19:53:07.895 [main] INFO  testBase.AssighnLeaveTest - Browser Set-up loaded
20:07:21.632 [main] INFO  testBase.AssighnLeaveTest - Browser Set-up loaded
22:29:35.250 [main] INFO  testBase.AssighnLeaveTest - Browser Set-up loaded
22:37:49.006 [main] INFO  testBase.AssighnLeaveTest - Browser Set-up loaded
22:39:14.888 [main] INFO  testBase.AssighnLeaveTest - Browser Set-up loaded
22:42:19.127 [main] INFO  testBase.AssighnLeaveTest - Browser Set-up loaded
22:44:31.262 [main] INFO  testBase.AssighnLeaveTest - Browser Set-up loaded
23:08:31.902 [main] INFO  testBase.AssighnLeaveTest - Browser Set-up loaded
23:11:47.875 [main] INFO  testBase.AssighnLeaveTest - Browser Set-up loaded
23:14:04.378 [main] INFO  testBase.AssighnLeaveTest - Browser Set-up loaded
23:16:38.699 [main] INFO  testBase.AssighnLeaveTest - Browser Set-up loaded
23:22:21.115 [main] INFO  testBase.AssighnLeaveTest - Browser Set-up loaded
23:23:54.822 [main] INFO  testBase.AssighnLeaveTest - Browser Set-up loaded
23:24:44.695 [main] INFO  testBase.AssighnLeaveTest - Browser Set-up loaded
12:25:09.998 [main] INFO  testBase.AssighnLeaveTest - Browser Set-up loaded
12:30:08.269 [main] INFO  testBase.AssighnLeaveTest - Browser Set-up loaded
12:32:53.555 [main] INFO  testBase.AssighnLeaveTest - Browser Set-up loaded
13:41:12.420 [main] INFO  testBase.AssighnLeaveTest - Browser Set-up loaded
13:43:17.060 [main] INFO  testBase.AssighnLeaveTest - Browser Set-up loaded
13:45:52.101 [main] INFO  testBase.AssighnLeaveTest - Browser Set-up loaded
13:47:00.769 [main] INFO  testBase.AssighnLeaveTest - Browser Set-up loaded
13:48:17.125 [main] INFO  testBase.AssighnLeaveTest - Browser Set-up loaded
13:51:47.910 [main] INFO  testBase.AssighnLeaveTest - Browser Set-up loaded
13:54:47.961 [main] INFO  testBase.AssighnLeaveTest - Browser Set-up loaded
13:59:41.238 [main] INFO  testBase.AssighnLeaveTest - Browser Set-up loaded
14:58:56.383 [main] INFO  testBase.AssighnLeaveTest - Browser Set-up loaded
15:00:22.595 [main] INFO  testBase.AssighnLeaveTest - Browser Set-up loaded
15:01:57.546 [main] INFO  testBase.AssighnLeaveTest - Browser Set-up loaded
15:28:30.875 [main] INFO  testBase.AssighnLeaveTest - Browser Set-up loaded
15:30:45.535 [main] INFO  testBase.AssighnLeaveTest - Browser Set-up loaded
15:33:23.036 [main] INFO  testBase.AssighnLeaveTest - Browser Set-up loaded
15:35:42.671 [main] INFO  testBase.AssighnLeaveTest - Browser Set-up loaded
15:40:28.047 [main] INFO  testBase.AssighnLeaveTest - Browser Set-up loaded
15:50:58.962 [main] INFO  testBase.AssighnLeaveTest - Browser Set-up loaded
16:01:19.600 [main] INFO  testBase.AssighnLeaveTest - Browser Set-up loaded
16:03:57.520 [main] INFO  testBase.AssighnLeaveTest - Browser Set-up loaded
16:11:19.906 [main] INFO  testBase.AssighnLeaveTest - Browser Set-up loaded
16:12:48.674 [main] INFO  testBase.AssighnLeaveTest - Browser Set-up loaded
16:14:23.731 [main] INFO  testBase.AssighnLeaveTest - Browser Set-up loaded
18:48:42.715 [main] INFO  testBase.AssighnLeaveTest - Browser Set-up loaded
19:00:10.835 [main] INFO  testBase.AssighnLeaveTest - Browser Set-up loaded
19:01:23.485 [main] INFO  testBase.AssighnLeaveTest - Browser Set-up loaded
19:08:19.759 [main] INFO  testBase.AssighnLeaveTest - Browser Set-up loaded
19:10:23.046 [main] INFO  testBase.AssighnLeaveTest - Browser Set-up loaded
19:12:08.360 [main] INFO  testBase.AssighnLeaveTest - Browser Set-up loaded
19:48:56.558 [main] INFO  testBase.AssighnLeaveTest - Browser Set-up loaded
19:51:48.040 [main] INFO  testBase.AssighnLeaveTest - Browser Set-up loaded
20:00:06.637 [main] INFO  testBase.AssighnLeaveTest - Browser Set-up loaded
20:06:48.446 [main] INFO  testBase.AssighnLeaveTest - Browser Set-up loaded
20:08:47.249 [main] INFO  testBase.AssighnLeaveTest - Browser Set-up loaded
20:14:06.508 [main] INFO  testBase.AssighnLeaveTest - Browser Set-up loaded
20:39:17.513 [main] INFO  testBase.AssighnLeaveTest - Browser Set-up loaded
20:44:24.903 [main] INFO  testBase.AssighnLeaveTest - Browser Set-up loaded
11:27:03.012 [main] INFO  testBase.AssighnLeaveTest - Browser Set-up loaded
11:33:57.077 [main] INFO  testBase.AssighnLeaveTest - Browser Set-up loaded
11:46:39.259 [main] INFO  testBase.AssighnLeaveTest - Browser Set-up loaded
11:48:58.341 [main] INFO  testBase.AssighnLeaveTest - Browser Set-up loaded
11:51:44.535 [main] INFO  testBase.AssighnLeaveTest - Browser Set-up loaded
12:21:35.143 [main] INFO  testBase.AssighnLeaveTest - Browser Set-up loaded
12:25:06.774 [main] INFO  testBase.AssighnLeaveTest - Browser Set-up loaded
12:27:24.413 [main] INFO  testBase.AssighnLeaveTest - Browser Set-up loaded
12:28:44.670 [main] INFO  testBase.AssighnLeaveTest - Browser Set-up loaded
12:31:15.644 [main] INFO  testBase.AssighnLeaveTest - Browser Set-up loaded
13:11:14.598 [main] INFO  testBase.LeaveEntitlementsReports - Browser Set-up loaded
13:11:48.830 [main] INFO  testBase.LeaveEntitlementsReports - Browser Set-up loaded
13:12:54.092 [main] INFO  testBase.LeaveEntitlementsReports - Browser Set-up loaded
13:16:47.099 [main] INFO  testBase.LeaveEntitlementsReports - Browser Set-up loaded
13:17:44.787 [main] INFO  testBase.LeaveEntitlementsReports - Browser Set-up loaded
13:20:23.430 [main] INFO  testBase.LeaveEntitlementsReports - Browser Set-up loaded
13:22:41.425 [main] INFO  testBase.LeaveEntitlementsReports - Browser Set-up loaded
13:49:46.407 [main] INFO  testBase.LeaveEntitlementsReports - Browser Set-up loaded
19:26:06.847 [main] INFO  testBase.LeaveEntitlementsReports - Browser Set-up loaded
19:32:49.510 [main] INFO  testBase.LeaveEntitlementsReportsTest - Browser Set-up loaded
19:33:17.868 [main] INFO  testBase.LeaveEntitlementsReportsTest - Browser Set-up loaded
21:37:00.450 [main] INFO  testBase.LeaveEntitlementsReportsTest - Browser Set-up loaded
10:29:26.462 [main] INFO  testBase.LeaveEntitlementsReportsTest - Browser Set-up loaded
00:58:14.842 [main] INFO  testBase.LoginTest - Browser Set-up loaded
00:58:34.078 [main] INFO  testBase.LeaveEntitlementsReportsTest - Browser Set-up loaded
00:59:21.506 [main] INFO  testBase.AssighnLeaveTest - Browser Set-up loaded
01:00:23.521 [main] INFO  testBase.AlluserDetailsTest - Browser Set-up loaded
15:08:57.740 [main] INFO  testBase.AlluserDetailsTest - Browser Set-up loaded
15:27:05.107 [main] INFO  in.debasish.testCases.AlluserDetailsTest - Browser Set-up loaded
16:59:37.014 [main] INFO  in.debasish.testCases.AlluserDetailsTest - Browser Set-up loaded
17:03:46.525 [main] INFO  in.debasish.testCases.AlluserDetailsTest - Browser Set-up loaded
17:05:51.786 [main] INFO  in.debasish.testCases.AlluserDetailsTest - Browser Set-up loaded
17:07:46.358 [main] INFO  in.debasish.testCases.AlluserDetailsTest - Browser Set-up loaded
17:22:44.532 [main] INFO  in.debasish.testCases.AlluserDetailsTest - Browser Set-up loaded
20:24:00.993 [main] INFO  in.debasish.testCases.AlluserDetailsTest - Browser Set-up loaded
21:33:42.908 [main] INFO  in.debasish.testCases.LeaveListApproveTest - Browser Set-up loaded
00:12:30.536 [main] INFO  in.debasish.testCases.LeaveListApproveTest - Browser Set-up loaded
00:23:24.070 [main] INFO  in.debasish.testCases.LeaveListApproveTest - Browser Set-up loaded
00:26:44.317 [main] INFO  in.debasish.testCases.LeaveListApproveTest - Browser Set-up loaded
00:28:37.589 [main] INFO  in.debasish.testCases.LeaveListApproveTest - Browser Set-up loaded
00:48:11.197 [main] INFO  in.debasish.testCases.LeaveListApproveTest - Browser Set-up loaded
00:53:34.599 [main] INFO  in.debasish.testCases.LeaveListApproveTest - Browser Set-up loaded
01:02:29.403 [main] INFO  in.debasish.testCases.LeaveListApproveTest - Browser Set-up loaded
01:04:05.987 [main] INFO  in.debasish.testCases.LeaveListApproveTest - Browser Set-up loaded
01:05:44.433 [main] INFO  in.debasish.testCases.LeaveListApproveTest - Browser Set-up loaded
01:08:40.075 [main] INFO  in.debasish.testCases.LeaveListApproveTest - Browser Set-up loaded
01:18:24.479 [main] INFO  in.debasish.testCases.LeaveListApproveTest - Browser Set-up loaded
01:30:10.752 [main] INFO  in.debasish.testCases.LeaveListApproveTest - Browser Set-up loaded
01:30:37.007 [main] INFO  in.debasish.testCases.LeaveListApproveTest - Browser Set-up loaded
01:33:05.472 [main] INFO  in.debasish.testCases.LeaveListApproveTest - Browser Set-up loaded
01:36:44.425 [main] INFO  in.debasish.testCases.LeaveListApproveTest - Browser Set-up loaded
01:38:08.868 [main] INFO  in.debasish.testCases.LeaveListApproveTest - Browser Set-up loaded
01:41:06.401 [main] INFO  in.debasish.testCases.LeaveListApproveTest - Browser Set-up loaded
01:42:58.394 [main] INFO  in.debasish.testCases.LeaveListApproveTest - Browser Set-up loaded
22:32:20.564 [main] INFO  in.debasish.testCases.LeaveListApproveTest - Browser Set-up loaded
22:24:17.634 [main] INFO  in.debasish.testCases.LeaveListApproveTest - Browser Set-up loaded
23:43:03.975 [main] INFO  in.debasish.testCases.LeaveListApproveTest - Browser Set-up loaded
23:47:52.809 [main] INFO  in.debasish.testCases.LeaveListApproveTest - Browser Set-up loaded
23:50:58.445 [main] INFO  in.debasish.testCases.LeaveListApproveTest - Browser Set-up loaded
00:00:53.635 [main] INFO  in.debasish.testCases.LeaveListApproveTest - Browser Set-up loaded
00:06:03.445 [main] INFO  in.debasish.testCases.LeaveListApproveTest - Browser Set-up loaded
00:10:03.443 [main] INFO  in.debasish.testCases.LeaveListApproveTest - Browser Set-up loaded
00:13:46.071 [main] INFO  in.debasish.testCases.LeaveListApproveTest - Browser Set-up loaded
00:14:48.256 [main] INFO  in.debasish.testCases.LeaveListApproveTest - Browser Set-up loaded
00:18:00.399 [main] INFO  in.debasish.testCases.LeaveListApproveTest - Browser Set-up loaded
00:20:31.265 [main] INFO  in.debasish.testCases.LeaveListApproveTest - Browser Set-up loaded
00:31:50.646 [main] INFO  in.debasish.testCases.LeaveListApproveTest - Browser Set-up loaded
00:32:57.989 [main] INFO  in.debasish.testCases.LeaveListApproveTest - Browser Set-up loaded
00:34:24.778 [main] INFO  in.debasish.testCases.LeaveListApproveTest - Browser Set-up loaded
00:35:39.944 [main] INFO  in.debasish.testCases.LeaveListApproveTest - Browser Set-up loaded
00:36:22.988 [main] INFO  in.debasish.testCases.LeaveListApproveTest - Browser Set-up loaded
01:05:21.404 [main] INFO  in.debasish.testCases.LeaveListApproveTest - Browser Set-up loaded
01:10:18.237 [main] INFO  in.debasish.testCases.LeaveListApproveTest - Browser Set-up loaded
01:10:25.959 [main] INFO  in.debasish.testCases.LeaveListApproveTest - Logged into the application
01:10:31.939 [main] INFO  in.debasish.testCases.LeaveListApproveTest - Gettting all the list of Pending Leave Request
01:10:43.133 [main] INFO  in.debasish.testCases.LeaveListApproveTest - Leave Request approved successfully
14:50:04.009 [main] INFO  in.debasish.testCases.LeaveListApproveTest - Browser Set-up loaded
14:50:10.135 [main] INFO  in.debasish.testCases.LeaveListApproveTest - Logged into the application
14:50:17.078 [main] INFO  in.debasish.testCases.LeaveListApproveTest - Gettting all the list of Pending Leave Request
14:50:28.282 [main] INFO  in.debasish.testCases.LeaveListApproveTest - Leave Request approved successfully
00:07:02.912 [main] INFO  in.debasish.testCases.LeaveListApproveTest - Browser Set-up loaded
00:07:08.172 [main] INFO  in.debasish.testCases.LeaveListApproveTest - Logged into the application
00:07:14.340 [main] INFO  in.debasish.testCases.LeaveListApproveTest - Gettting all the list of Pending Leave Request
00:07:25.556 [main] INFO  in.debasish.testCases.LeaveListApproveTest - Leave Request approved successfully
02:28:13.974 [main] INFO  in.debasish.testCases.LeaveListApproveTest - Browser Set-up loaded
02:28:19.849 [main] INFO  in.debasish.testCases.LeaveListApproveTest - Logged into the application
02:28:55.463 [main] INFO  in.debasish.testCases.LeaveListApproveTest - Gettting all the list of Pending Leave Request
02:29:37.584 [main] INFO  in.debasish.testCases.LeaveListApproveTest - Browser Set-up loaded
02:29:42.306 [main] INFO  in.debasish.testCases.LeaveListApproveTest - Logged into the application
02:30:17.947 [main] INFO  in.debasish.testCases.LeaveListApproveTest - Gettting all the list of Pending Leave Request
14:25:48.992 [main] INFO  in.debasish.testCases.LeaveListApproveTest - Browser Set-up loaded
14:25:53.874 [main] INFO  in.debasish.testCases.LeaveListApproveTest - Logged into the application
14:25:59.667 [main] INFO  in.debasish.testCases.LeaveListApproveTest - Gettting all the list of Pending Leave Request
14:26:11.906 [main] INFO  in.debasish.testCases.LeaveListApproveTest - Leave Request approved successfully
20:50:32.963 [main] INFO  in.debasish.testCases.LeaveListApproveTest - Browser Set-up loaded
20:53:33.437 [main] INFO  in.debasish.testCases.LeaveListApproveTest - Browser Set-up loaded
15:38:05.072 [main] INFO  in.debasish.testCases.LeaveListApproveTest - Browser Set-up loaded
15:38:15.332 [main] INFO  in.debasish.testCases.LeaveListApproveTest - Logged into the application
15:38:21.256 [main] INFO  in.debasish.testCases.LeaveListApproveTest - Gettting all the list of Pending Leave Request
15:38:32.475 [main] INFO  in.debasish.testCases.LeaveListApproveTest - Leave Request approved successfully
15:43:04.770 [main] INFO  in.debasish.testCases.LeaveListRejectTest - Browser Set-up loaded
15:43:09.902 [main] INFO  in.debasish.testCases.LeaveListRejectTest - Logged into the application
12:12:49.908 [main] INFO  in.debasish.testCases.LeaveListRejectTest - Browser Set-up loaded
12:12:54.812 [main] INFO  in.debasish.testCases.LeaveListRejectTest - Logged into the application
22:00:33.004 [main] INFO  in.debasish.testCases.LeaveListRejectTest - Browser Set-up loaded
22:00:37.907 [main] INFO  in.debasish.testCases.LeaveListRejectTest - Logged into the application
12:11:31.338 [main] INFO  in.debasish.testCases.LeaveListRejectTest - Browser Set-up loaded
12:11:36.634 [main] INFO  in.debasish.testCases.LeaveListRejectTest - Logged into the application
